
ene. 07, 2019 12:41:19.73 NEW SESSION
ene. 07, 2019 12:41:19.73 [13584:12012:0107/124119.734:ERROR:ssl_client_socket_impl.cc(1013)] handshake failed; returned -1, SSL error code 1, net_error -101
ene. 07, 2019 12:41:21.58 [13584:12012:0107/124121.586:ERROR:ssl_client_socket_impl.cc(1013)] handshake failed; returned -1, SSL error code 1, net_error -101
ene. 07, 2019 12:41:21.85 [13584:12012:0107/124121.852:ERROR:ssl_client_socket_impl.cc(1013)] handshake failed; returned -1, SSL error code 1, net_error -101
ene. 07, 2019 13:37:00.26 [13584:12012:0107/133700.268:ERROR:ssl_client_socket_impl.cc(1013)] handshake failed; returned -1, SSL error code 1, net_error -101
ene. 07, 2019 13:56:34.42 [13584:9008:0107/135634.426:ERROR:platform_sensor_reader_win.cc(242)] NOT IMPLEMENTED
ene. 07, 2019 14:11:21.84 [13584:12012:0107/141121.842:ERROR:ssl_client_socket_impl.cc(1013)] handshake failed; returned -1, SSL error code 1, net_error -101
ene. 07, 2019 14:11:26.76 [13584:12012:0107/141126.766:ERROR:ssl_client_socket_impl.cc(1013)] handshake failed; returned -1, SSL error code 1, net_error -101
ene. 07, 2019 14:12:54.59 [13584:5988:0107/141254.598:ERROR:textfield.cc(1777)] NOT IMPLEMENTED
ene. 07, 2019 14:12:55.70 [13584:5988:0107/141255.705:ERROR:prefix_selector.cc(163)] NOT IMPLEMENTED
ene. 07, 2019 14:23:02.70 [13584:5988:0107/142302.705:ERROR:http_bridge.cc(126)] NOT IMPLEMENTED

ene. 08, 2019 10:02:39.77 NEW SESSION
ene. 08, 2019 10:02:39.77 [5108:2992:0108/100239.770:ERROR:ssl_client_socket_impl.cc(1013)] handshake failed; returned -1, SSL error code 1, net_error -101
ene. 08, 2019 12:56:13.80 [5108:2008:0108/125613.802:ERROR:http_bridge.cc(126)] NOT IMPLEMENTED

ene. 14, 2019 08:42:38.37 NEW SESSION
ene. 14, 2019 08:42:38.37 [6444:2392:0114/084238.369:ERROR:platform_sensor_reader_win.cc(242)] NOT IMPLEMENTED
ene. 14, 2019 09:02:20.49 [6444:1360:0114/090220.492:ERROR:latency_info.cc(144)] Surface::TakeLatencyInfoFromFrame, LatencyInfo vector size 102 is too big.
ene. 14, 2019 09:02:27.56 [6444:1360:0114/090227.559:ERROR:latency_info.cc(144)] Surface::TakeLatencyInfoFromFrame, LatencyInfo vector size 102 is too big.

ene. 16, 2019 11:03:20.01 NEW SESSION
ene. 16, 2019 11:03:20.01 [9856:4780:0116/110320.011:ERROR:textfield.cc(1777)] NOT IMPLEMENTED
ene. 16, 2019 11:03:20.85 [9856:4780:0116/110320.850:ERROR:prefix_selector.cc(163)] NOT IMPLEMENTED
ene. 16, 2019 12:14:57.33 [9856:4780:0116/121457.336:ERROR:latency_info.cc(144)] Surface::TakeLatencyInfoFromFrame, LatencyInfo vector size 101 is too big.
ene. 16, 2019 12:15:04.43 [9856:4780:0116/121504.435:ERROR:latency_info.cc(144)] Surface::TakeLatencyInfoFromFrame, LatencyInfo vector size 101 is too big.
ene. 16, 2019 12:15:10.03 [9856:4780:0116/121510.034:ERROR:latency_info.cc(144)] Surface::TakeLatencyInfoFromFrame, LatencyInfo vector size 101 is too big.
ene. 16, 2019 12:15:16.60 [9856:4780:0116/121516.603:ERROR:latency_info.cc(144)] Surface::TakeLatencyInfoFromFrame, LatencyInfo vector size 101 is too big.
ene. 16, 2019 12:49:02.76 [9856:4780:0116/124902.761:ERROR:latency_info.cc(144)] Surface::TakeLatencyInfoFromFrame, LatencyInfo vector size 102 is too big.
ene. 16, 2019 12:49:03.77 [9856:4780:0116/124903.776:ERROR:latency_info.cc(144)] Surface::TakeLatencyInfoFromFrame, LatencyInfo vector size 102 is too big.
ene. 16, 2019 13:23:34.21 [9856:4780:0116/132334.217:ERROR:latency_info.cc(144)] Surface::TakeLatencyInfoFromFrame, LatencyInfo vector size 101 is too big.
ene. 16, 2019 13:41:52.14 [9856:4780:0116/134152.148:ERROR:latency_info.cc(144)] Surface::TakeLatencyInfoFromFrame, LatencyInfo vector size 101 is too big.
ene. 16, 2019 13:41:53.03 [9856:4780:0116/134153.030:ERROR:latency_info.cc(144)] Surface::TakeLatencyInfoFromFrame, LatencyInfo vector size 102 is too big.
ene. 16, 2019 13:41:56.39 [9856:4780:0116/134156.398:ERROR:latency_info.cc(144)] Surface::TakeLatencyInfoFromFrame, LatencyInfo vector size 102 is too big.
ene. 16, 2019 13:42:00.29 [9856:4780:0116/134200.297:ERROR:latency_info.cc(144)] Surface::TakeLatencyInfoFromFrame, LatencyInfo vector size 101 is too big.
ene. 16, 2019 13:42:06.18 [9856:4780:0116/134206.180:ERROR:latency_info.cc(144)] Surface::TakeLatencyInfoFromFrame, LatencyInfo vector size 102 is too big.
ene. 16, 2019 13:42:07.31 [9856:4780:0116/134207.313:ERROR:latency_info.cc(144)] Surface::TakeLatencyInfoFromFrame, LatencyInfo vector size 102 is too big.
ene. 16, 2019 13:42:08.36 [9856:4780:0116/134208.365:ERROR:latency_info.cc(144)] Surface::TakeLatencyInfoFromFrame, LatencyInfo vector size 102 is too big.
ene. 16, 2019 13:42:13.54 [9856:4780:0116/134213.546:ERROR:latency_info.cc(144)] Surface::TakeLatencyInfoFromFrame, LatencyInfo vector size 102 is too big.
ene. 16, 2019 13:42:15.44 [9856:4780:0116/134215.446:ERROR:latency_info.cc(144)] Surface::TakeLatencyInfoFromFrame, LatencyInfo vector size 102 is too big.
ene. 16, 2019 15:08:40.21 [9856:8280:0116/150840.214:ERROR:platform_sensor_reader_win.cc(242)] NOT IMPLEMENTED
ene. 16, 2019 15:09:15.86 [9856:14236:0116/150915.866:ERROR:mcs_client.cc(755)] Received close command, resetting connection.
ene. 16, 2019 15:16:28.66 [9856:8280:0116/151628.665:ERROR:platform_sensor_reader_win.cc(242)] NOT IMPLEMENTED
ene. 16, 2019 15:27:42.87 [9856:8280:0116/152742.876:ERROR:platform_sensor_reader_win.cc(242)] NOT IMPLEMENTED
ene. 16, 2019 15:34:05.50 [9856:4780:0116/153405.502:ERROR:latency_info.cc(144)] Surface::TakeLatencyInfoFromFrame, LatencyInfo vector size 101 is too big.
ene. 16, 2019 15:42:00.24 [9856:8280:0116/154200.248:ERROR:platform_sensor_reader_win.cc(242)] NOT IMPLEMENTED
ene. 16, 2019 16:04:10.05 [9856:8280:0116/160410.053:ERROR:platform_sensor_reader_win.cc(242)] NOT IMPLEMENTED
ene. 16, 2019 16:29:36.23 [9856:4780:0116/162936.236:ERROR:http_bridge.cc(126)] NOT IMPLEMENTED
